<?xml version="1.0" encoding="UTF-8"?>
<robot generator="Robot 7.2.2 (Python 3.13.2 on win32)" generated="2025-04-08T10:40:46.712876" rpa="false" schemaversion="5">
<suite id="s1" name="Login Test1" source="C:\Users\GURUDEV\PycharmProjects\Automation\TestCases\Login_Test1.robot">
<test id="s1-t1" name="Valid Login" line="11">
<kw name="Login With Credentials">
<kw name="Open Browser" owner="SeleniumLibrary">
<msg time="2025-04-08T10:40:47.598345" level="INFO">Opening browser 'Chrome' to base url 'https://wrteam.net/'.</msg>
<arg>${URL}</arg>
<arg>${BROWSER}</arg>
<doc>Opens a new browser instance to the optional ``url``.</doc>
<status status="PASS" start="2025-04-08T10:40:47.597809" elapsed="16.133438"/>
</kw>
<kw name="Maximize Browser Window" owner="SeleniumLibrary">
<doc>Maximizes current browser window.</doc>
<status status="PASS" start="2025-04-08T10:41:03.731687" elapsed="0.100325"/>
</kw>
<kw name="click login button" owner="Login_Keywords">
<kw name="Click Button" owner="SeleniumLibrary">
<msg time="2025-04-08T10:41:03.834177" level="INFO">Clicking button 'xpath:(//button[@class='commonBtn redirect-login'][normalize-space()='Login'])[1]'.</msg>
<arg>${btn_ClickOnLoginButton}</arg>
<doc>Clicks the button identified by ``locator``.</doc>
<status status="PASS" start="2025-04-08T10:41:03.833107" elapsed="2.653988"/>
</kw>
<status status="PASS" start="2025-04-08T10:41:03.832336" elapsed="2.654995"/>
</kw>
<kw name="enter username" owner="Login_Keywords">
<kw name="Input Text" owner="SeleniumLibrary">
<msg time="2025-04-08T10:41:06.489109" level="INFO">Typing text 'superadmin@gmail.com' into text field 'id:email'.</msg>
<arg>${txt_LoginUserName}</arg>
<arg>${username}</arg>
<doc>Types the given ``text`` into the text field identified by ``locator``.</doc>
<status status="PASS" start="2025-04-08T10:41:06.488460" elapsed="0.218400"/>
</kw>
<arg>${username}</arg>
<status status="PASS" start="2025-04-08T10:41:06.487641" elapsed="0.219378"/>
</kw>
<kw name="enter password" owner="Login_Keywords">
<kw name="Input Text" owner="SeleniumLibrary">
<msg time="2025-04-08T10:41:06.707820" level="INFO">Typing text 'superadmin' into text field 'id:password'.</msg>
<arg>${txt_LoginPassword}</arg>
<arg>${password}</arg>
<doc>Types the given ``text`` into the text field identified by ``locator``.</doc>
<status status="PASS" start="2025-04-08T10:41:06.707604" elapsed="0.153966"/>
</kw>
<arg>${password}</arg>
<status status="PASS" start="2025-04-08T10:41:06.707191" elapsed="0.154518"/>
</kw>
<kw name="click sign in button" owner="Login_Keywords">
<kw name="Click Button" owner="SeleniumLibrary">
<msg time="2025-04-08T10:41:06.862334" level="INFO">Clicking button 'id:login_btn'.</msg>
<arg>${btn_SignInButton}</arg>
<doc>Clicks the button identified by ``locator``.</doc>
<status status="PASS" start="2025-04-08T10:41:06.862120" elapsed="5.785965"/>
</kw>
<status status="PASS" start="2025-04-08T10:41:06.861861" elapsed="5.786384"/>
</kw>
<kw name="Sleep" owner="BuiltIn">
<msg time="2025-04-08T10:41:17.649428" level="INFO">Slept 5 seconds.</msg>
<arg>5</arg>
<doc>Pauses the test executed for the given time.</doc>
<status status="PASS" start="2025-04-08T10:41:12.648437" elapsed="5.001346"/>
</kw>
<kw name="Run Keyword If" owner="BuiltIn">
<kw name="Page Should Contain" owner="SeleniumLibrary">
<msg time="2025-04-08T10:41:17.731635" level="INFO">Current page contains text 'Dashboard'.</msg>
<arg>Dashboard</arg>
<doc>Verifies that current page contains ``text``.</doc>
<status status="PASS" start="2025-04-08T10:41:17.651753" elapsed="0.080058"/>
</kw>
<arg>'${expected_result}'=='Dashboard'</arg>
<arg>Page Should Contain</arg>
<arg>Dashboard</arg>
<arg>ELSE</arg>
<arg>Page Should Contain</arg>
<arg>${expected_result}</arg>
<doc>Runs the given keyword with the given arguments, if ``condition`` is true.</doc>
<status status="PASS" start="2025-04-08T10:41:17.650407" elapsed="0.081535"/>
</kw>
<kw name="Close Browser" owner="SeleniumLibrary">
<doc>Closes the current browser.</doc>
<status status="PASS" start="2025-04-08T10:41:17.732156" elapsed="2.360573"/>
</kw>
<arg>superadmin@gmail.com</arg>
<arg>superadmin</arg>
<arg>Dashboard</arg>
<status status="PASS" start="2025-04-08T10:40:47.596689" elapsed="32.496640"/>
</kw>
<status status="PASS" start="2025-04-08T10:40:47.595347" elapsed="32.499341"/>
</test>
<test id="s1-t2" name="Invalid Password" line="12">
<kw name="Login With Credentials">
<kw name="Open Browser" owner="SeleniumLibrary">
<msg time="2025-04-08T10:41:20.102491" level="INFO">Opening browser 'Chrome' to base url 'https://wrteam.net/'.</msg>
<arg>${URL}</arg>
<arg>${BROWSER}</arg>
<doc>Opens a new browser instance to the optional ``url``.</doc>
<status status="PASS" start="2025-04-08T10:41:20.101564" elapsed="23.573300"/>
</kw>
<kw name="Maximize Browser Window" owner="SeleniumLibrary">
<doc>Maximizes current browser window.</doc>
<status status="PASS" start="2025-04-08T10:41:43.675193" elapsed="0.222312"/>
</kw>
<kw name="click login button" owner="Login_Keywords">
<kw name="Click Button" owner="SeleniumLibrary">
<msg time="2025-04-08T10:41:43.899819" level="INFO">Clicking button 'xpath:(//button[@class='commonBtn redirect-login'][normalize-space()='Login'])[1]'.</msg>
<arg>${btn_ClickOnLoginButton}</arg>
<doc>Clicks the button identified by ``locator``.</doc>
<status status="PASS" start="2025-04-08T10:41:43.898360" elapsed="3.261496"/>
</kw>
<status status="PASS" start="2025-04-08T10:41:43.897828" elapsed="3.262192"/>
</kw>
<kw name="enter username" owner="Login_Keywords">
<kw name="Input Text" owner="SeleniumLibrary">
<msg time="2025-04-08T10:41:47.161096" level="INFO">Typing text 'superadmin@gmail.com' into text field 'id:email'.</msg>
<arg>${txt_LoginUserName}</arg>
<arg>${username}</arg>
<doc>Types the given ``text`` into the text field identified by ``locator``.</doc>
<status status="PASS" start="2025-04-08T10:41:47.160735" elapsed="0.200706"/>
</kw>
<arg>${username}</arg>
<status status="PASS" start="2025-04-08T10:41:47.160244" elapsed="0.201645"/>
</kw>
<kw name="enter password" owner="Login_Keywords">
<kw name="Input Text" owner="SeleniumLibrary">
<msg time="2025-04-08T10:41:47.363347" level="INFO">Typing text 'wrongpass' into text field 'id:password'.</msg>
<arg>${txt_LoginPassword}</arg>
<arg>${password}</arg>
<doc>Types the given ``text`` into the text field identified by ``locator``.</doc>
<status status="PASS" start="2025-04-08T10:41:47.362870" elapsed="0.196780"/>
</kw>
<arg>${password}</arg>
<status status="PASS" start="2025-04-08T10:41:47.362280" elapsed="0.197527"/>
</kw>
<kw name="click sign in button" owner="Login_Keywords">
<kw name="Click Button" owner="SeleniumLibrary">
<msg time="2025-04-08T10:41:47.560468" level="INFO">Clicking button 'id:login_btn'.</msg>
<arg>${btn_SignInButton}</arg>
<doc>Clicks the button identified by ``locator``.</doc>
<status status="PASS" start="2025-04-08T10:41:47.560249" elapsed="1.554494"/>
</kw>
<status status="PASS" start="2025-04-08T10:41:47.559971" elapsed="1.554957"/>
</kw>
<kw name="Sleep" owner="BuiltIn">
<msg time="2025-04-08T10:41:54.116131" level="INFO">Slept 5 seconds.</msg>
<arg>5</arg>
<doc>Pauses the test executed for the given time.</doc>
<status status="PASS" start="2025-04-08T10:41:49.115159" elapsed="5.001088"/>
</kw>
<kw name="Run Keyword If" owner="BuiltIn">
<kw name="Page Should Contain" owner="SeleniumLibrary">
<msg time="2025-04-08T10:41:54.148148" level="INFO">Current page contains text 'The provided credentials do not match our records.'.</msg>
<arg>${expected_result}</arg>
<doc>Verifies that current page contains ``text``.</doc>
<status status="PASS" start="2025-04-08T10:41:54.116933" elapsed="0.031341"/>
</kw>
<arg>'${expected_result}'=='Dashboard'</arg>
<arg>Page Should Contain</arg>
<arg>Dashboard</arg>
<arg>ELSE</arg>
<arg>Page Should Contain</arg>
<arg>${expected_result}</arg>
<doc>Runs the given keyword with the given arguments, if ``condition`` is true.</doc>
<status status="PASS" start="2025-04-08T10:41:54.116496" elapsed="0.031928"/>
</kw>
<kw name="Close Browser" owner="SeleniumLibrary">
<doc>Closes the current browser.</doc>
<status status="PASS" start="2025-04-08T10:41:54.148855" elapsed="2.283728"/>
</kw>
<arg>superadmin@gmail.com</arg>
<arg>wrongpass</arg>
<arg>The provided credentials do not match our records.</arg>
<status status="PASS" start="2025-04-08T10:41:20.099605" elapsed="36.333675"/>
</kw>
<status status="PASS" start="2025-04-08T10:41:20.097627" elapsed="36.337313"/>
</test>
<test id="s1-t3" name="Invalid Username" line="13">
<kw name="Login With Credentials">
<kw name="Open Browser" owner="SeleniumLibrary">
<msg time="2025-04-08T10:41:56.442846" level="INFO">Opening browser 'Chrome' to base url 'https://wrteam.net/'.</msg>
<arg>${URL}</arg>
<arg>${BROWSER}</arg>
<doc>Opens a new browser instance to the optional ``url``.</doc>
<status status="PASS" start="2025-04-08T10:41:56.442088" elapsed="13.535667"/>
</kw>
<kw name="Maximize Browser Window" owner="SeleniumLibrary">
<doc>Maximizes current browser window.</doc>
<status status="PASS" start="2025-04-08T10:42:09.978080" elapsed="0.562621"/>
</kw>
<kw name="click login button" owner="Login_Keywords">
<kw name="Click Button" owner="SeleniumLibrary">
<msg time="2025-04-08T10:42:10.541941" level="INFO">Clicking button 'xpath:(//button[@class='commonBtn redirect-login'][normalize-space()='Login'])[1]'.</msg>
<arg>${btn_ClickOnLoginButton}</arg>
<doc>Clicks the button identified by ``locator``.</doc>
<status status="PASS" start="2025-04-08T10:42:10.541537" elapsed="1.956408"/>
</kw>
<status status="PASS" start="2025-04-08T10:42:10.541058" elapsed="1.957034"/>
</kw>
<kw name="enter username" owner="Login_Keywords">
<kw name="Input Text" owner="SeleniumLibrary">
<msg time="2025-04-08T10:42:12.498851" level="INFO">Typing text 'wrongadmin' into text field 'id:email'.</msg>
<arg>${txt_LoginUserName}</arg>
<arg>${username}</arg>
<doc>Types the given ``text`` into the text field identified by ``locator``.</doc>
<status status="PASS" start="2025-04-08T10:42:12.498601" elapsed="0.157522"/>
</kw>
<arg>${username}</arg>
<status status="PASS" start="2025-04-08T10:42:12.498253" elapsed="0.158048"/>
</kw>
<kw name="enter password" owner="Login_Keywords">
<kw name="Input Text" owner="SeleniumLibrary">
<msg time="2025-04-08T10:42:12.657586" level="INFO">Typing text 'superadmin' into text field 'id:password'.</msg>
<arg>${txt_LoginPassword}</arg>
<arg>${password}</arg>
<doc>Types the given ``text`` into the text field identified by ``locator``.</doc>
<status status="PASS" start="2025-04-08T10:42:12.657192" elapsed="0.232277"/>
</kw>
<arg>${password}</arg>
<status status="PASS" start="2025-04-08T10:42:12.656535" elapsed="0.233141"/>
</kw>
<kw name="click sign in button" owner="Login_Keywords">
<kw name="Click Button" owner="SeleniumLibrary">
<msg time="2025-04-08T10:42:12.891005" level="INFO">Clicking button 'id:login_btn'.</msg>
<arg>${btn_SignInButton}</arg>
<doc>Clicks the button identified by ``locator``.</doc>
<status status="PASS" start="2025-04-08T10:42:12.890653" elapsed="1.339062"/>
</kw>
<status status="PASS" start="2025-04-08T10:42:12.890038" elapsed="1.339844"/>
</kw>
<kw name="Sleep" owner="BuiltIn">
<msg time="2025-04-08T10:42:19.231006" level="INFO">Slept 5 seconds.</msg>
<arg>5</arg>
<doc>Pauses the test executed for the given time.</doc>
<status status="PASS" start="2025-04-08T10:42:14.230074" elapsed="5.001207"/>
</kw>
<kw name="Run Keyword If" owner="BuiltIn">
<kw name="Page Should Contain" owner="SeleniumLibrary">
<msg time="2025-04-08T10:42:19.289405" level="INFO">Current page contains text 'The provided credentials do not match our records.'.</msg>
<arg>${expected_result}</arg>
<doc>Verifies that current page contains ``text``.</doc>
<status status="PASS" start="2025-04-08T10:42:19.232774" elapsed="0.056877"/>
</kw>
<arg>'${expected_result}'=='Dashboard'</arg>
<arg>Page Should Contain</arg>
<arg>Dashboard</arg>
<arg>ELSE</arg>
<arg>Page Should Contain</arg>
<arg>${expected_result}</arg>
<doc>Runs the given keyword with the given arguments, if ``condition`` is true.</doc>
<status status="PASS" start="2025-04-08T10:42:19.231829" elapsed="0.058056"/>
</kw>
<kw name="Close Browser" owner="SeleniumLibrary">
<doc>Closes the current browser.</doc>
<status status="PASS" start="2025-04-08T10:42:19.290293" elapsed="2.331911"/>
</kw>
<arg>wrongadmin</arg>
<arg>superadmin</arg>
<arg>The provided credentials do not match our records.</arg>
<status status="PASS" start="2025-04-08T10:41:56.440708" elapsed="25.182046"/>
</kw>
<status status="PASS" start="2025-04-08T10:41:56.438430" elapsed="25.187519"/>
</test>
<status status="PASS" start="2025-04-08T10:40:46.715235" elapsed="94.917184"/>
</suite>
<statistics>
<total>
<stat pass="3" fail="0" skip="0">All Tests</stat>
</total>
<tag>
</tag>
<suite>
<stat name="Login Test1" id="s1" pass="3" fail="0" skip="0">Login Test1</stat>
</suite>
</statistics>
<errors>
</errors>
</robot>
